[Wed Jun 10 14:05:18 AEST 2026] Starting scraper...
◇ injected env (25) from .env.local // tip: ⌁ auth for agents [www.vestauth.com]
[04:05:23] Starting: 3624 combos (63 parents, 8 cities)
[04:05:23] Resuming: 841 combos already done, 4675 businesses collected
[04:05:23] 
── Waterproofing Inspectors | Melbourne
[04:05:23]    Query: "Waterproofing Inspectors Melbourne VIC Australia"
[04:06:14]    Found 47 place URLs
[04:06:54]    [4676] ✉ AWS SERVICES — Boronia VIC
[04:07:56]    [4677] · Premium Building & Pest Inspections — Clyde North VIC
[04:07:59]    Done: 2 new businesses
[04:08:04] 
── Waterproofing Inspectors | Brisbane
[04:08:04]    Query: "Waterproofing Inspectors Brisbane QLD Australia"
[04:08:56]    Found 58 place URLs
[04:09:33]    [4678] ✉ iSPECT Building Inspections - Brisbane — Brisbane City QLD
[04:10:16]    [4679] ✉ Full Inspect Building and Pest Brisbane — Sinnamon Park QLD
[04:11:03]    [4680] ✉ BuildingPro — Ashgrove QLD
[04:11:46]    [4681] ✉ Dedant Building and Pest Inspections Brisbane — East Brisbane QLD
[04:12:28]    [4682] ✉ Inspection Central Building and Pest Brisbane — East Brisbane QLD
[04:13:11]    [4683] ✉ Action Property Inspections — Brisbane City QLD
[04:13:55]    [4684] ✉ A1 Building & Pest Consultancy — Toowong QLD
[04:14:36]    [4685] ✉ Safeguard Inspections — Manly West QLD
[04:15:21]    [4686] ✉ Informed Building Inspections Pty Ltd — East Brisbane QLD
[04:16:00]    [4687] ✉ Owner Inspections (QLD) — Brisbane City QLD
[04:16:42]    [4688] ✉ Resicert Building and Pest Inspections Brisbane South West — Mount Ommaney QLD
[04:17:25]    [4689] ✉ Assured Building and Pest Inspections — Griffin QLD
[04:18:05]    [4690] 📋 Rapid Building Inspections Brisbane —  QLD
[04:18:45]    [4691] ✉ Australian Building Inspection Services (ABIS Brisbane City) —  QLD
[04:19:26]    [4692] · Vision Building And Pest Inspections Brisbane — Chermside QLD
[04:20:26]    [4693] ✉ Cornerstone Property Inspections (CPI Australia) — Forest Lake QLD
[04:21:08]    [4694] ✉ BBPI — Kallangur QLD
[04:21:19]    [4695] ✉ Leaky Showers —  QLD
[04:22:02]    [4696] ✉ S&K Waterproofing — Ormeau QLD
[04:22:51]    [4697] ✉ Slug A Bug Pest Control Brisbane — South Brisbane QLD
[04:23:33]    [4698] · Alliance Building & Hazmat Group —  QLD
[04:24:14]    [4699] · East Coast Leak Detection — Kippa-Ring QLD
[04:24:57]    [4700] 📋 Roof & Building Service — Eagle Farm QLD
[04:25:39]    [4701] ✉ Building Approvals and Advice (BA&A) — Kedron QLD
[04:26:21]    [4702] ✉ SEQ Custom Renovations —  QLD
[04:27:02]    [4703] ✉ Hillhouse Roof Rescue / Restoration — Redland Bay QLD
[04:27:48]    [4704] ✉ The Certifier — Cleveland QLD
[04:28:26]    [4705] · Aus-Seal Building Protection Systems PTY LTD — Slacks Creek QLD
ng Protection Systems PTY LTD — Slacks Creek QLD
