◇ injected env (25) from .env.local // tip: ⌁ auth for agents [www.vestauth.com]
[08:35:26] Starting: 453 combos (29 parents, 1 city)
[08:35:26] Resuming: 3 combos already done, 160 businesses collected
[08:35:26] 
── Remedial Consultants | Perth
[08:35:26]    Query: "Remedial Consultants Perth WA Australia"
[08:36:18]    Found 49 place URLs
[08:37:17]    [161] · Radiation Professionals Australia - Radiation and Environmental Consultants — Hazelmere WA
[08:38:06]    [162] ✉ Structerre Consulting Perth — Balcatta WA
[08:39:07]    [163] · NRM Consultants — Perth WA
[08:39:51]    [164] ✉ RSC — West Perth WA
[08:40:52]    [165] · JDSi Consulting Engineers — Perth WA
[08:41:41]    [166] ✉ Rotaru Building Consultants —  WA
[08:42:24]    [167] · Environmental Site Services — West Leederville WA
[08:43:07]    [168] ✉ BG&E Consulting Engineers — Perth WA
[08:43:55]    [169] ✉ MEnD — East Perth WA
[08:44:38]    [170] · Peak Performance Institute — West Leederville WA
[08:45:37]    [171] · Eosh Consulting Pty Ltd — Perth WA
[08:46:23]    [172] ✉ Western Environmental — West Perth WA
[08:47:26]    [173] · Primero — Osborne Park WA
[08:48:14]    [174] 📋 Inspect My Home Perth —  WA
[08:49:18]    [175] · Trained Physio & Fitness Perth — East Perth WA
[08:49:31]    [176] ✉ Sport Psychology Perth — Scarborough WA
[08:50:33]    [177] · Perth Natural Health Clinic — West Perth WA
[08:51:19]    [178] 📋 Greencap Safety & Risk Management Perth — Perth WA
[08:52:18]    [179] · City Physiotherapy Centre — Perth WA
[08:52:59]    [180] · R & C Sports — Perth WA
[08:54:01]    [181] · AppliedMotion Physiotherapy & Podiatry — Leederville WA
[08:54:50]    [182] 📋 Senversa Pty Ltd — Perth WA
[08:55:52]    [183] · Bestwest Building Inspections — Osborne Park WA
[08:56:50]    [184] · Health & Performance Space — Claremont WA
[09:02:18]    [185] · Alpha Allied Health —  WA
[09:10:47]    [186] ✉ Shawmac — East Victoria Park WA
[09:11:35]    [187] ✉ AEC AU Pty Ltd — Midland WA
[09:12:22]    [188] ✉ The Lift Lab Training Facility — East Perth WA
[09:13:25]    [189] · Corporate Hands —  WA
[09:14:27]    [190] · Petro Min Engineers — South Perth WA
[09:15:10]    [191] · Experience Western Australia Japan — Perth WA
[09:16:14]    [192] · WFR — South Perth WA
[09:17:16]    [193] · Sportreat and TotaLife Care — Palmyra WA
[09:17:56]    [194] · Hydrocarbon Remedial Services — Joondalup WA
[09:18:44]    [195] ✉ BHT Group — Perth WA
[09:19:26]    [196] · The Body Consultants — Jandakot WA
[09:20:14]    [197] ✉ Pure Health And Wellness Clinic — Bassendean WA
[09:21:05]    [198] 📋 Perth Sports Physio — Cottesloe WA
[09:39:30]    [199] ✉ The Longevity Lab - Perth CBD — Perth WA
[09:39:34]    Done: 39 new businesses
[09:39:37] 
── Building Consultants | Perth
[09:39:37]    Query: "Building Consultants Perth WA Australia"
[09:56:38]    Found 55 place URLs
[10:12:20]    [200] ✉ Building Surveyor — Victoria Park WA
[10:29:48]    [201] · Descom Consultant — Gosnells WA
[11:04:21]    [202] ✉ Home Integrity Building Consultants — West Perth WA
[11:20:29]    [203] ✉ Hills Building Consultants — Darlington WA
[11:26:08]    [204] · Construction Compliance Consultancy — Welshpool WA
[11:33:35]    [205] ✉ Australian Building Specialist Pty Ltd — Wangara WA
[11:34:57]    [206] ✉ Constructive Building Consultants — Gnangara WA
[11:35:44]    [207] ✉ FireConsultant - Fire Safety Engineering — East Perth WA
[11:36:29]    [208] ✉ Superstruct Building Surveyors — Bibra Lake WA
[11:37:29]    [209] · Associated Building Surveyors — Kelmscott WA
[11:38:16]    [210] ✉ ProConsult Building Inspections —  WA
[11:39:02]    [211] ✉ ABBC Building Inspectors — Ardross WA
[11:39:51]    [212] ✉ Build Bright — Perth WA
[11:40:45]    [213] ✉ Build Insight WA — West Leederville WA
[11:41:32]    [214] ✉ SMART Building Specialists — West Perth WA
[11:42:12]    [215] · Inclusive Building Consultants — Noranda WA
[11:46:43]    [216] · Specialised Building Solutions — Wangara WA
[12:03:22]   DB error: 
Invalid `prisma.directoryLead.upsert()` invocation in
/Users/siasepehrara/remed
[12:21:37]    [217] ✉ BCI WA — Palmyra WA
[12:34:59]    [218] · BSP Building Inspections — Karrinyup WA
[12:35:45]    [219] ✉ iSPECT Building Inspections - Perth — Perth WA
[12:36:36]    [220] ✉ Construction Consultants - Perth — Perth WA
[12:37:21]    [221] ✉ Cornerstone Construction Consultants — Osborne Park WA
[12:38:07]    [222] ✉ AMC Consultants - Perth — West Perth WA
[12:39:10]    [223] · Home Inspection Perth — Gosnells WA
[12:40:13]    [224] · Before Building Pty Ltd — West Perth WA
[12:41:02]    [225] ✉ Western Building Pty Ltd — Cannington WA
[12:41:48]    [226] ✉ Edanbrook — Northbridge WA
[12:42:35]    [227] ✉ Russell Building Approvals — Kingsley WA
[12:43:38]    [228] · TABEC Civil Engineering Consultants — West Perth WA
[12:44:39]    [229] · Independent Building Advice — Subiaco WA
[12:45:18]    [230] · Advanced Building Engineers — West Leederville WA
[12:46:08]    [231] ✉ Before You Build WA — West Perth WA
[12:46:54]    [232] ✉ BuildingLines Approvals —  WA
[12:47:56]    [233] · Alpha Building Inspections — Perth WA
[12:48:55]    [234] · Engineering Design Consultancy P/L —  WA
[12:49:40]    [235] ✉ WA Building Surveyors Pty Ltd — Stirling WA
[12:50:32]    [236] · CostPro Consulting — Perth WA
[12:51:36]    [237] · Build Search Draftsman —  WA
[12:53:34]    [238] ✉ Jensen Hughes — Perth WA
[12:54:23]    [239] ✉ Houspect Building Inspections — Balcatta WA
[12:55:07]    [240] · SVT Engineering Consultants (A Wood Group Company) — Perth WA
[12:55:55]    [241] ✉ PAA Access Consultants — Perth WA
[12:56:43]    [242] ✉ A-1 ENGINEERING (WA) PTY LTD — Perth WA
[12:57:28]    [243] · TAYCON Group Pty Ltd — Fremantle WA
[12:58:32]    [244] · AHD Engineering Consultancy — Mandogalup WA
[12:59:16]    [245] ✉ Broad Building Inspections Pty Ltd — Success WA
[13:00:06]    [246] ✉ CBC Consulting Pty Ltd — O'Connor WA
[13:00:51]    [247] ✉ Allied Projects — Perth WA
[13:01:36]    [248] ✉ Matched Homes — West Perth WA
[13:02:17]    [249] · WA Building Codes Consultancy — West Perth WA
[13:02:55]    [250] · Total Scan & Survey Australia — Perth WA
[13:03:40]    [251] · Aston & Stone — Perth WA
[13:03:44]    Done: 52 new businesses
[13:03:48] 
── Strata Remedial Consultants | Perth
[13:03:48]    Query: "Strata Remedial Consultants Perth WA Australia"
[13:04:25]    Found 17 place URLs
[13:05:09]    [252] 📋 Rezzi Strata — Burswood WA
[13:05:54]    [253] ✉ Strata Specialists — Rockingham WA
[13:06:56]    [254] · Strata Property WA — Osborne Park WA
[13:07:58]    [255] ✉ All Strata Management Services — Mount Lawley WA
[13:09:04]    [256] · Richardson Strata Management Services — Burswood WA
[13:09:51]    [257] 📋 Perth Strata Co. — Mount Pleasant WA
[13:10:52]    [258] · The Strata Co. — Mount Pleasant WA
[13:11:51]    [259] · Southern Strata Services — Belmont WA
[13:12:54]    [260] · MMJ Strata Management Services — Perth WA
[13:13:42]    [261] ✉ A Class Strata Service — Myaree WA
[13:14:46]    [262] · Strata Town — Jolimont WA
[13:15:34]    [263] ✉ Performance Strata Services —  WA
[13:16:36]    [264] · MMJ Real Estate Perth — Perth WA
[13:17:20]    [265] ✉ Choice Strata Management —  WA
[13:18:04]    [266] ✉ Site & Strata Solutions WA —  WA
[13:18:49]    [267] 📋 Rezzi Conveyancing — Burswood WA
[13:19:41]    [268] ✉ Strata Community Association WA —  WA
[13:19:44]    Done: 17 new businesses
[13:19:48] 
── Dilapidation Consultants | Perth
[13:19:48]    Query: "Dilapidation Consultants Perth WA Australia"
[13:20:34]    Found 0 place URLs
[13:20:34] 
── Forensic Building Consultants | Perth
[13:20:34]    Query: "Forensic Building Consultants Perth WA Australia"
[13:21:21]    Found 38 place URLs
[13:21:32]    [269] ✉ Procare Forensic Services — Subiaco WA
[13:22:32]    [270] · STATS Australia — Canning Vale WA
[13:23:36]    [271] · FCS Engineers —  WA
[13:24:26]    [272] 📋 Structural Integrity Engineering Pty Ltd — Perth WA
[13:25:16]    [273] ✉ Building Certification Services WA — Burswood WA
[13:26:02]    [274] ✉ MODUS Compliance Pty Ltd — Wembley WA
[13:26:49]    [275] 📋 SOLID Engineering & Structural Design — Willetton WA
[13:27:13]    [276] · Its In The Numbers - Forensic Accounting — Manning WA
[13:28:09]    [277] · Elite Compliance Pty Ltd —  WA
[13:29:03]    [278] ✉ SAFESCOPE WHS and Rail Safety Consultants Perth — Perth WA
[13:29:54]    [279] ✉ Forensic Pathways — Perth WA
[13:30:57]    [280] · Forensic HR — Bassendean WA
[13:31:14]    [281] ✉ External Affairs — Perth WA
[13:32:05]    [282] 📋 Perth Forensic Accounting — Gosnells WA
[13:32:47]    [283] ✉ Thornton Tomasetti — Perth WA
[13:33:47]    [284] · Resolve Group — Mount Pleasant WA
[13:34:04]    [285] ✉ Forensic Psychology Solutions — Perth WA
[13:34:50]    [286] ✉ David Wills and Associates — Bentley WA
[13:35:33]    [287] ✉ RSA — Myaree WA
[13:36:23]    [288] ✉ Westpoint Building Inspections —  WA
[13:37:09]    [289] ✉ CSP Professional Services – Civil – Structural – Project Management — Bertram WA
[13:37:19]    [290] · Business Symmetry — Perth WA
[13:38:03]    [291] · Intrax Consulting Group - WA — Osborne Park WA
[13:38:50]    [292] ✉ Pathfinder Investigations — Welshpool WA
[13:38:59]    [293] · Insight Computer Forensics — Aveley WA
[13:39:44]    [294] ✉ FS Consulting Engineers —  WA
[13:39:46]    Done: 26 new businesses
[13:39:51] 
── Defects Consultants | Perth
[13:39:51]    Query: "Defects Consultants Perth WA Australia"
[13:40:41]    Found 48 place URLs
[13:41:31]    [295] · Facilita Consulting — Perth WA
[13:42:19]    [296] ✉ Zero Defects —  WA
[13:43:16]    [297] 📋 Expert Education and Visa Services Perth — Perth WA
[13:43:58]    [298] · Clayton Consulting WA — Perth WA
[13:48:06]    [299] ✉ Finesse Consulting — Perth WA
[13:48:55]    [300] ✉ BCA Consultants Co — West Perth WA
[13:49:59]    [301] · Estimating Solutions Group — Perth WA
[13:50:47]    [302] ✉ TECHT — Bentley WA
[13:51:38]    [303] 📋 COSOL | Perth Office — Perth WA
[13:52:30]    [304] ✉ iStudy Global Consultants — Perth WA
[13:53:18]    [305] ✉ Scotford Fennessy — Perth WA
[13:54:08]    [306] 📋 Blue Tongue — Perth WA
[13:54:57]    [307] ✉ Volumise Consultancy — Perth WA
[13:55:41]    [308] ✉ Prompt Building Services — Murdoch WA
[13:56:33]    [309] ✉ ACE Education & Visa — Perth WA
[13:57:19]    [310] ✉ BLUE education & migration — Perth WA
[13:58:06]    [311] ✉ Core Talent Perth — Perth WA
[13:59:08]    [312] · Interlace Studies - Perth — Perth WA
[13:59:52]    [313] ✉ Diviv Group — Perth WA
[14:00:46]    [314] 📋 Unite Resourcing — Perth WA
[14:01:30]    [315] ✉ AEA Education & Migration — Perth WA
[14:02:32]    [316] · Australian Study and Visa Services (AusStudyVisa) — Perth WA
[14:03:34]    [317] · Consilium Solutions — Perth WA
[14:04:37]    [318] · Subdivision Experts — East Perth WA
[14:05:40]    [319] · SETTLERS Migration and Education Consultant Perth — Perth WA
[14:06:27]    [320] 📋 Go Study Australia — Perth WA
[14:07:10]    [321] ✉ Infracon Australia — Osborne Park WA
[14:07:57]    [322] ✉ Seafasten Offshore Pty Ltd — Perth WA
[14:08:40]    [323] ✉ Small Business Development Corporation — Perth WA
[14:08:58]    [324] ✉ Australian Visa and Migration Specialists — Perth WA
[14:09:36]    [325] · Social Force™ —  WA
[14:09:55]    [326] ✉ Immigration Agent Perth, WA — Perth WA
[14:10:38]    [327] · CapitalQ Business Advisers & Chartered Accountants — East Perth WA
[14:11:22]    [328] · AUG Student Services - Perth — Perth WA
[14:11:36]    [329] · AEMS - Australian Education & Migration Service — Perth WA
[14:12:22]    [330] ✉ Resicert — Boya WA
[14:12:25]    Done: 36 new businesses
[14:12:31] 
── Asset Management Consultants | Perth
[14:12:31]    Query: "Asset Management Consultants Perth WA Australia"
[14:13:08]    Found 14 place URLs
[14:13:48]    [331] ✉ HFM Asset Management — Perth WA
[14:14:42]    [332] 📋 Lead Asset Management | Reliability, Maintenance and Asset Management Consultancy | Perth WA — Perth WA
[14:15:31]    [333] ✉ AME - Asset Management Engineers — Burswood WA
[14:16:16]    [334] ✉ Technology Enhanced Asset Management — Welshpool WA
[14:17:06]    [335] ✉ Assetivity — South Perth WA
[14:17:55]    [336] ✉ Asset Maintenance Group — Belmont WA
[14:18:09]    [337] · Gallagher Insurance, Risk Management & Consulting — Burswood WA
[14:18:51]    [338] · Ally Wealth Management — South Perth WA
[14:19:36]    [339] ✉ Capital Managers — West Perth WA
[14:20:20]    [340] 📋 Performance Asset Management Perth — Subiaco WA
[14:21:05]    [341] ✉ Eden Asset Management — Perth WA
[14:21:52]    [342] ✉ Andep Investment Consultancy — Perth WA
[14:22:42]    [343] 📋 AXB Asset Management Consulting — Wembley WA
[14:22:46]    Done: 13 new businesses
[14:22:51] 
── Facilities Management Consultants | Perth
[14:22:51]    Query: "Facilities Management Consultants Perth WA Australia"
[14:23:41]    Found 38 place URLs
[14:24:23]    [344] ✉ Cameron Facilities — Mount Lawley WA
[14:25:11]    [345] ✉ Integrated Managed Services (IMS Consulting) — East Perth WA
[14:25:54]    [346] ✉ ISO Consulting Services — Perth WA
[14:26:58]    [347] · ALPHA PROPERTY & FACILITIES MANAGEMENT PTY LTD — Perth WA
[14:27:41]    [348] · IPS Management Consultants — West Perth WA
[14:28:30]    [349] ✉ Approach Services — Perth WA
[14:29:18]    [350] 📋 illuminance Solutions — Perth WA
[14:30:06]    [351] ✉ Global Facilities Maintenance — Bibra Lake WA
[14:30:50]    [352] ✉ Think DONE Management Consultancy —  WA
[14:31:39]    [353] ✉ DCCM Pty Ltd — Como WA
[14:32:22]    [354] ✉ First Focus - Managed IT Services Perth — Perth WA
[14:33:25]    [355] · Facility Management Services — Clarkson WA
[14:34:20]    [356] ✉ MAXIM — Perth WA
[14:35:22]    [357] · Integral Management Systems Pty Ltd — Perth WA
[14:36:25]    [358] · LATITUDE MANAGEMENT GROUP —  WA
[14:37:22]    [359] 📋 Programmed — Burswood WA
[14:38:11]    [360] 📋 Aerodrome Management Services — Redcliffe WA
[14:39:00]    [361] ✉ SMP 365 — West Perth WA
[14:40:03]    [362] · Velrada — Perth WA
[14:40:52]    [363] ✉ Farming Management Services PTY Ltd. — Nedlands WA
[14:41:53]    [364] · Successful Projects — Perth WA
[14:42:37]    [365] ✉ Strategic Property Group Pty Ltd — Perth WA
[14:43:21]    [366] ✉ IFM - Integrated Facilities Management — Bentley WA
[14:44:11]    [367] 📋 IMPEX GROUP — Malaga WA
[14:44:59]    [368] 📋 Elite Management Consultants — West Perth WA
[14:46:01]    [369] · Edge Property Solutions — Perth WA
[14:46:49]    [370] ✉ MDC Global — Perth WA
[14:46:52]    Done: 27 new businesses
[14:46:57] 
── Building Managers | Perth
[14:46:57]    Query: "Building Managers Perth WA Australia"
[14:47:47]    Found 49 place URLs
[14:48:29]    [371] ✉ Perth Property Management — West Perth WA
[14:49:10]    [372] · Strictly Property Management — Perth WA
[14:49:55]    [373] ✉ Rental Management Australia — Osborne Park WA
[14:50:38]    [374] · Dedicated Property Management — South Perth WA
[14:51:26]    [375] ✉ B Complex Management — West Perth WA
[15:07:11]    [376] ✉ Blackburne Property Management — Subiaco WA
[15:08:17]    [377] · Latitude Management — Perth WA
[15:08:59]    [378] · PROPERTY MANAGERS WA — Subiaco WA
[15:24:20]    [379] ✉ Tango Property Managers — South Perth WA
[15:25:08]    [380] ✉ D Residential Group — Mount Lawley WA
[15:25:52]    [381] ✉ Limmybuild Realty — Perth WA
[15:26:40]    [382] ✉ HERE Property Management Perth — Leederville WA
[15:27:19]    [383] · Central Park Management — Perth WA
[15:28:00]    [384] ✉ Oakfield Strata — West Perth WA
[15:28:47]    [385] ✉ Rent Choice Property Management — West Perth WA
[15:29:32]    [386] ✉ SVN | Strata — Perth WA
[15:45:15]    [387] ✉ Investors Edge Real Estate — Subiaco WA
[15:46:21]    [388] · The Property Project Perth — Leederville WA
[15:47:23]    [389] · Access Property Management — South Perth WA
[15:48:09]    [390] ✉ RH Property — South Perth WA
[15:49:09]    [391] · Hawaiian — Perth WA
[15:49:51]    [392] · Edison Property — West Perth WA
[15:50:36]    [393] ✉ SVN | Commercial — Perth WA
[15:51:27]    [394] ✉ Johnson Property Group Pty Ltd — Osborne Park WA
[15:52:30]    [395] · Property Australia Management — Perth WA
[15:53:33]    [396] · Mod Property Group — Victoria Park WA
[15:54:18]    [397] · M/Property — Nedlands WA
[15:55:00]    [398] ✉ Province Property — East Perth WA
[15:55:49]    [399] ✉ Let Go: Short Term Rentals — Stirling WA
[15:56:38]    [400] ✉ Joyce Property Investments — Herdsman WA
[15:57:20]    [401] · Colman Magiatis Real Estate — Perth WA
[15:58:04]    [402] ✉ Altegra Property Group Pty Ltd — Perth WA
[15:59:08]    [403] · Limnios Property Group | Perth — Perth WA
[15:59:53]    [404] ✉ Ray White Commercial WA — Perth WA
[16:00:15]    [405] ✉ Primus Realty — South Perth WA
[16:01:00]    [406] ✉ The Agency | Perth — Perth WA
[16:01:49]    [407] ✉ The Perth Property Co. — North Perth WA
[16:02:35]    [408] ✉ Alluvion — Perth WA
[16:03:21]    [409] ✉ Driven Property Group Pty Ltd — Como WA
[16:04:04]    [410] ✉ Avenue One Property Group - Perth — Mount Lawley WA
[16:04:17]    [411] ✉ Blackburne — Subiaco WA
[16:05:03]    [412] ✉ Cygnet West — Perth WA
[16:05:07]    Done: 42 new businesses
[16:05:12] 
── Owners Corporation Managers | Perth
[16:05:12]    Query: "Owners Corporation Managers Perth WA Australia"
[16:05:48]    Found 2 place URLs
[16:06:24]    [413] · Perth Property Care — North Perth WA
[16:06:31]    Done: 1 new businesses
[16:06:36] 
── Strata Managers | Perth
[16:06:36]    Query: "Strata Managers Perth WA Australia"
[16:07:26]    Found 58 place URLs
[16:08:08]    [414] ✉ Yaran Strata Management — South Perth WA
[16:08:52]    [415] ✉ Abode Strata - South — Como WA
[16:09:08]    [416] ✉ Pro-Active Strata Management — Subiaco WA
[16:09:57]    [417] ✉ ESM Strata Pty Ltd — Victoria Park WA
[16:10:43]    [418] ✉ B Strata — West Perth WA
[16:11:27]    [419] ✉ Scarborough Strata Management — Scarborough WA
[16:12:31]    [420] · Prosperity Strata Management — Joondalup WA
[16:13:18]    [421] ✉ Lockhart Strata Management — Bentley WA
[16:14:02]    [422] ✉ Emerson Raine Strata Management (Perth/Metro Office) — Subiaco WA
[16:15:05]    [423] · Prestige Strata Management — Burswood WA
[16:15:50]    [424] ✉ Dominion Strata Management — Osborne Park WA
[16:16:35]    [425] ✉ Chambers Franklyn Strata Management — Stirling WA
[16:17:21]    [426] ✉ Westend Strata — Perth WA
[16:18:17]    [427] · PPC Strata — Leederville WA
[16:19:00]    [428] ✉ Westralian Strata Services — South Perth WA
[16:19:44]    [429] ✉ magixstrata — Jolimont WA
[16:20:25]    [430] ✉ Strata Asset Services (WA) — Osborne Park WA
[16:21:10]    [431] ✉ Contessi Strata Management — Leederville WA
[16:21:22]    [432] ✉ Empire Estate Agents — East Victoria Park WA
[16:22:07]    [433] ✉ Conquest Strata Management — Gnangara WA
[16:23:12]    [434] · Lots In Common Strata Management — Bassendean WA
[16:24:00]    [435] ✉ Degrees Strata — Myaree WA
[16:24:46]    [436] ✉ Strata Administration Services — Myaree WA
[16:25:31]    [437] 📋 Platinum Property Co — Ardross WA
[16:26:33]    [438] · Vivid Property Perth Pty Ltd — Applecross WA
[16:27:18]    [439] ✉ Strata CBD — Myaree WA
[16:28:05]    [440] ✉ Strata Community & Facilities Management — Myaree WA
[16:28:49]    [441] · Strata Integrity - Perth — Gosnells WA
[16:29:48]    [442] · Johnstone Hocking Strata Management — Perth WA
[16:30:25]    [443] · Momentum Strata Management — Yokine WA
[16:31:02]    [444] · CBD Strata Managers — Perth WA
[16:31:43]    [445] · WA Strata Group — Applecross WA
[16:32:28]    [446] ✉ Riverside Strata - NEW WEBSITE — North Fremantle WA
[16:32:34]    Done: 33 new businesses
[16:32:38] 
── Community Association Managers | Perth
[16:32:38]    Query: "Community Association Managers Perth WA Australia"
[16:33:28]    Found 45 place URLs
[16:34:25]    [447] · Centre for Association Management — Perth WA
[16:35:03]    [448] · The Burmese Association of WA — Perth WA
[16:35:49]    [449] ✉ Perth Asian Community Centre — Perth WA
[16:36:26]    [450] · Australia Asia House — Perth WA
[16:37:18]    [451] ✉ Vietnamese Community in Australia - WA Chapter — Perth WA
[16:38:01]    [452] ✉ Earthwise Community Association — Subiaco WA
[16:38:49]    [453] ✉ Pinakarri Community — Hamilton Hill WA
[16:39:45]    [454] 📋 Australian Institute of Management WA — Floreat WA
[16:40:44]    [455] · Association of Mining & Exploration Companies Inc. — West Perth WA
[16:41:27]    [456] ✉ Australian Arab Association — Thornlie WA
[16:42:14]    [457] 📋 Property Council of Australia WA Division — Perth WA
[16:43:00]    [458] ✉ Housing Choices Western Australia — East Perth WA
[16:43:40]    [459] · Community and Public Sector Union, Civil Service Association — Perth WA
[16:44:30]    [460] ✉ Western Suburbs Business Association — West Leederville WA
[16:45:14]    [461] · Conservation Council of WA — West Perth WA
[16:45:46]    [462] · Lion Community Services — West Perth WA
[16:46:33]    [463] ✉ WAAC — West Perth WA
[16:47:19]    [464] 📋 Anglican Community Fund — Perth WA
[16:48:12]    [465] ✉ Perth City Farm — East Perth WA
[16:49:03]    [466] ✉ OACWA (Organisation of African Communities in WA) — Nollamara WA
[16:49:49]    [467] ✉ Aboriginal Health Council of Western Australia — Highgate WA
[16:50:46]    [468] ✉ Australian Hotels Association WA — West Perth WA
[16:51:49]    [469] · Australian Medical Association (WA) | AMA (WA) — Nedlands WA
[16:52:34]    [470] ✉ City West Lotteries House — West Perth WA
[16:53:20]    [471] ✉ Ruah Community Services — Northbridge WA
[16:54:19]    [472] · Council on the Ageing Western Australia — West Perth WA
[16:55:07]    [473] ✉ Master Builders Western Australia - Head Office — West Perth WA
[16:56:09]    [474] · ASeTTS - Association for Services to Torture and Trauma Survivors — Perth WA
[16:56:47]    [475] · The Korean Association Of WA Inc. — Canning Vale WA
[16:57:30]    [476] · Multicultural Communities Council of WA (MCCWA) — Gosnells WA
[16:58:13]    [477] ✉ REIWA — Subiaco WA
[16:59:00]    [478] ✉ MercyCare — West Perth WA
[16:59:50]    [479] ✉ The Platform — Perth WA
[17:00:38]    [480] ✉ Carers WA — Perth WA
[17:01:25]    [481] 📋 Iranian Community of WA —  WA
[17:01:39]    [482] ✉ Cam Can — Como WA
[17:02:23]    [483] ✉ The Goan Overseas Association WA — Perth WA
[17:03:26]    [484] · Wungening Aboriginal Corporation — East Perth WA
[17:04:11]    [485] ✉ Shop Distributive & Allied Employees Association — Perth WA
[17:04:14]    Done: 39 new businesses
[17:04:19] 
── NCC / BCA Compliance Consultants | Perth
[17:04:19]    Query: "NCC / BCA Compliance Consultants Perth WA Australia"
[17:04:54]    Found 8 place URLs
[17:05:53]    [486] · Company Compliance & Advisory Services Australia — Osborne Park WA
[17:06:05]    [487] · BCA Debt Collection — Perth WA
[17:06:09]    Done: 2 new businesses
[17:06:14] 
── Accessibility Consultants (DDA) | Perth
[17:06:14]    Query: "Accessibility Consultants (DDA) Perth WA Australia"
[17:06:49]    Found 3 place URLs
[17:07:31]    [488] ✉ Access Central — Perth WA
[17:07:47]    [489] ✉ Centre for Accessibility Australia — Cloverdale WA
[17:08:29]    [490] · Perth Access Consultants — Victoria Park WA
[17:08:32]    Done: 3 new businesses
[17:08:36] 
── Heritage Consultants | Perth
[17:08:36]    Query: "Heritage Consultants Perth WA Australia"
[17:09:27]    Found 57 place URLs
[17:10:07]    [491] ✉ Trace Enterprises — Osborne Park WA
[17:11:10]    [492] · Echoes Cultural Heritage Management — Cockburn Central WA
[17:12:00]    [493] ✉ Terra Rosa Consulting — Fremantle WA
[17:12:41]    [494] · The Heritage Council — Perth WA
[17:13:27]    [495] 📋 Everick Heritage — Subiaco WA
[17:14:26]    [496] ✉ Oasis Heritage Solutions — Thornlie WA
[17:15:09]    [497] 📋 Acacia Cultural Heritage Consulting — White Gum Valley WA
[17:15:53]    [498] ✉ Archae-aus — North Fremantle WA
[17:16:41]    [499] 📋 Mining + Heritage Legal — Perth WA
[17:17:27]    [500] ✉ Trace Ecology — Osborne Park WA
[17:18:16]    [501] ✉ Department of Planning, Lands and Heritage — Perth WA
[17:19:01]    [502] ✉ Patrick Irwin Building Consultant — Woodbridge WA
[17:19:38]    [503] · Australian Heritage Group Pty Ltd — Perth WA
[17:20:23]    [504] 📋 Mining + Heritage Legal —  WA
[17:21:06]    [505] ✉ Major Oak Heritage Services —  WA
[17:21:44]    [506] · Yates Heritage Consultants — North Yunderup WA
[17:22:31]    [507] ✉ Umanity Group — North Perth WA
[17:23:08]    [508] · Heritage Council — East Perth WA
[17:23:46]    [509] · Indigenous Consulting Group — Perth WA
[17:24:30]    [510] 📋 Big Island Research — Victoria Park WA
[17:25:13]    [511] · Element Advisory — Subiaco WA
[17:26:04]    [512] ✉ Perth Mining Consultants Pty Ltd — Willetton WA
[17:26:50]    [513] ✉ Heritage Realty — Gosnells WA
[17:27:32]    [514] · Sheffield House — Perth WA
[17:28:50]    [515] ✉ SWALS — East Perth WA
[17:29:32]    [516] ✉ Atelier JV — Northbridge WA
[17:30:19]    [517] ✉ Integrate Sustainability Pty Ltd — West Perth WA
[17:31:11]    [518] 📋 Wood - Australia — Perth WA
[17:31:58]    [519] ✉ Aurora Environmental — Perth WA
[17:32:43]    [520] ✉ Umwelt Perth — West Perth WA
[17:33:32]    [521] ✉ Brad Goode — Dunsborough WA
[17:34:11]    [522] · Heritage Perth Inc. — Northbridge WA
[17:34:56]    [523] ✉ Forth Consulting — West Perth WA
[17:35:46]    [524] ✉ K&S Restorations — Hamilton Hill WA
[17:36:01]    [525] ✉ Heritage College Perth — Forrestfield WA
[17:36:48]    [526] 📋 Phoenix Environmental Sciences — Osborne Park WA
[17:37:36]    [527] ✉ BCRC — West Perth WA
[17:38:34]    [528] ✉ Aboriginal Heritage — Perth WA
[17:39:34]    [529] · Snappy Gum Heritage Services — Belmont WA
[17:40:53]    [530] ✉ TBB Planning | Urban Design & Planning Consultancy — Perth WA
[17:41:38]    [531] ✉ Vicki Philipoff Settlements Perth — West Perth WA
[17:42:23]    [532] ✉ PLD — Perth WA
[17:43:09]    [533] ✉ Castledine Gregory Law & Mediation — West Perth WA
[17:44:04]    [534] ✉ EMM Consulting Pty Limited — Perth WA
[17:44:50]    [535] ✉ Quoin Consulting — Hamilton Hill WA
[17:45:39]    [536] 📋 Black Cockatoo Cultural Heritage Services —  WA
[17:46:22]    [537] ✉ Human Terrains Anthropological Consultancy Pty Ltd — Gooseberry Hill WA
[17:47:13]    [538] ✉ LandTrack Systems — Perth WA
[17:47:59]    [539] 📋 Professional Search Group Australia — Perth WA
[17:48:19]    [540] 📋 AXYN Solutions — Perth WA
[17:49:24]    [541] · Hsa Heritage —  WA
[17:49:27]    Done: 51 new businesses
[17:49:32] 
── Sustainability Consultants | Perth
[17:49:32]    Query: "Sustainability Consultants Perth WA Australia"
[17:50:21]    Found 57 place URLs
[17:51:00]    [542] · Futureproof ESG & Sustainability Consulting — Perth WA
[17:51:44]    [543] ✉ Green Gurus — Leederville WA
[17:52:29]    [544] ✉ Anthesis (Australia) Perth — Perth WA
[17:53:13]    [545] ✉ Coterra Environment — West Perth WA
[17:54:03]    [546] ✉ Sustainability Pty Ltd — North Beach WA
[17:54:52]    [547] ✉ Gaia Resources — Perth WA
[17:55:42]    [548] 📋 SLR Consulting Australia Pty Ltd — Subiaco WA
[17:56:32]    [549] ✉ ESG Capital - ESG, Sustainability & Climate Consultants — Subiaco WA
[17:57:16]    [550] ✉ Greenbase — Perth WA
[17:58:19]    [551] · Ecologia Environmental Consultants — Osborne Park WA
[17:59:09]    [552] ✉ Spectrum Ecology & Spatial — Leederville WA
[17:59:57]    [553] ✉ MCC SUSTAINABLE FUTURES — Perth WA
[18:00:38]    [554] ✉ Biota Environmental Sciences — West Perth WA
[18:01:29]    [555] 📋 Carbon Neutral — Perth WA
[18:02:11]    [556] ✉ Syrinx Environmental — Perth WA
[18:03:00]    [557] ✉ Bennelongia Environmental Consultants — Jolimont WA
[18:04:02]    [558] · Health Safety Environment Australia PTY LTD — West Perth WA
[18:04:51]    [559] ✉ BE&R Consulting — Perth WA
[18:05:39]    [560] ✉ CSA Global Pty Ltd (Head Office) — West Perth WA
[18:06:33]    [561] ✉ BMT — Perth WA
[18:07:24]    [562] ✉ SUHO — Perth WA
[18:08:10]    [563] 📋 Arup — Perth WA
[18:08:59]    [564] ✉ Preston Consulting — Perth WA
[18:09:49]    [565] ✉ Terrestrial Ecosystems — Mount Claremont WA
[18:10:39]    [566] · Eco Logical Australia PTY Ltd. — Perth WA
[18:11:24]    [567] ✉ Stantec — Perth WA
[18:12:09]    [568] ✉ MBS Environmental — West Perth WA
[18:12:53]    [569] ✉ Douglas Partners Perth — Osborne Park WA
[18:13:52]    [570] · AARCO Environmental Solutions — Balcatta WA
[18:14:37]    [571] ✉ ERM — West Perth WA
[18:15:37]    [572] · AQ2 — Perth WA
[18:16:39]    [573] · Environmental Engineers International Pty Ltd (EEI) — Perth WA
[18:17:30]    [574] ✉ WWL Water, Waste & Land — West Perth WA
[18:18:14]    [575] ✉ QED Environmental Services — West Leederville WA
[18:19:16]    [576] · Spring Safety Consultants Osborne Park — Osborne Park WA
[18:20:00]    [577] ✉ Resource Engineering Consultants — Osborne Park WA
[18:20:50]    [578] ✉ Lateral Environmental — West Perth WA
[18:21:38]    [579] ✉ Cundall — Perth WA
[18:22:31]    [580] 📋 Ausenco Ltd. — Perth WA
[18:22:37]    Done: 39 new businesses
[18:22:43] 
── Energy Efficiency Consultants | Perth
[18:22:43]    Query: "Energy Efficiency Consultants Perth WA Australia"
[18:23:28]    Found 0 place URLs
[18:23:28] 
── NatHERS Assessors | Perth
[18:23:28]    Query: "NatHERS Assessors Perth WA Australia"
[18:24:03]    Found 6 place URLs
[18:25:01]    [581] · Energy Advance — Wangara WA
[18:25:52]    [582] ✉ Energy Rating Perth — Victoria Park WA
[18:26:36]    [583] ✉ Thermarate — Claremont WA
[18:27:32]    [584] ✉ Ecorate WA — Halls Head WA
[18:28:25]    [585] ✉ Green Choice Consulting —  WA
[18:29:10]    [586] ✉ Acclimate Energy Assessments —  WA
[18:29:14]    Done: 6 new businesses
[18:29:19] 
── NABERS Assessors | Perth
[18:29:19]    Query: "NABERS Assessors Perth WA Australia"
[18:29:54]    Found 1 place URLs
[18:30:29]    [587] · Perth —  WA
[18:30:33]    Done: 1 new businesses
[18:30:36] 
── Green Star Consultants | Perth
[18:30:36]    Query: "Green Star Consultants Perth WA Australia"
[18:31:22]    Found 0 place URLs
[18:31:22] 
── BASIX Consultants | Perth
[18:31:22]    Query: "BASIX Consultants Perth WA Australia"
[18:31:57]    Found 2 place URLs
[18:32:32]    Done: 0 new businesses
[18:32:37] 
── Expert Witnesses (Building) | Perth
[18:32:37]    Query: "Expert Witnesses (Building) Perth WA Australia"
[18:33:12]    Found 7 place URLs
[18:34:12]    [588] · Buildshare — Bayswater WA
[18:35:02]    [589] ✉ 8m Building — Bayswater WA
[18:35:45]    [590] ✉ Building and Energy - Department of Local Government, Industry Regulation and Safety — Cannington WA
[18:36:37]    [591] ✉ Ecovera —  WA
[18:36:41]    Done: 4 new businesses
[18:36:44] 
── Dispute Resolution Consultants | Perth
[18:36:44]    Query: "Dispute Resolution Consultants Perth WA Australia"
[18:37:35]    Found 50 place URLs
[18:38:18]    [592] ✉ Family Dispute Resolution WA — West Perth WA
[18:39:20]    [593] · Clear Conflict Resolution — Nedlands WA
[18:40:06]    [594] ✉ Perth Mediation and Counselling Services WA — Como WA
[18:40:49]    [595] ✉ Perth Mediation Centre — Perth WA
[18:41:33]    [596] ✉ CHOICE Family Dispute Resolution & Mediation — West Perth WA
[18:42:35]    [597] · Insight Dispute Resolution — Subiaco WA
[18:43:22]    [598] ✉ Family Relationship Centre — Perth WA
[18:44:07]    [599] 📋 Building Dispute Resolution Service — Perth WA
[18:44:53]    [600] ✉ Family Matters WA — West Perth WA
[18:45:58]    [601] · Adrams Mediation Services — Gosnells WA
[18:47:00]    [602] · Life Mediation — Attadale WA
[18:47:45]    [603] ✉ Family Intermediary — Perth WA
[18:48:27]    [604] ✉ Solutions for Conflict — West Perth WA
[18:49:30]    [605] · Move On Mediation — North Fremantle WA
[18:50:10]    [606] · BrightSide Mediation — Perth WA
[18:50:57]    [607] ✉ Family Mediation & Conflict Resolution Clinic — Crawley WA
[18:51:58]    [608] · Family Mediation Australia — West Perth WA
[18:52:40]    [609] ✉ FBC Mediation and Arbitration Centre — Perth WA
[19:09:15]    [610] · Cove Legal — Perth WA
[19:09:21]   DB error: 
Invalid `prisma.directoryLead.upsert()` invocation in
/Users/siasepehrara/remed
[19:10:04]    [611] · Johnstone Crouse Lawyers — Perth WA
[19:10:09]   DB error: 
Invalid `prisma.directoryLead.upsert()` invocation in
/Users/siasepehrara/remed
[19:10:27]    [612] ✉ Voyager Legal — North Perth WA
[19:10:32]   DB error: 
Invalid `prisma.directoryLead.upsert()` invocation in
/Users/siasepehrara/remed
[19:11:14]    [613] ✉ Greenstone Legal — West Perth WA
[19:11:19]   DB error: 
Invalid `prisma.directoryLead.upsert()` invocation in
/Users/siasepehrara/remed
[19:12:20]    [614] · Rebus Legal — Victoria Park WA
[19:12:25]   DB error: 
Invalid `prisma.directoryLead.upsert()` invocation in
/Users/siasepehrara/remed
[19:12:53]    [615] · Tolcon Legal — Perth WA
[19:13:39]    [616] ✉ Solomon Hollett Lawyers — West Perth WA
[19:19:10]    [617] ✉ Strata Mediation Services —  WA
[19:24:56]    [618] ✉ MKI Legal — Perth WA
[19:30:44]    [619] ✉ Murfett Legal — East Perth WA
[19:31:33]    [620] ✉ Curae Law — Perth WA
[19:31:50]    [621] ✉ DCH Legal Group — West Perth WA
[19:32:49]    [622] · Palmos Legal — Perth WA
[19:33:41]    [623] ✉ Clifford Chance Perth — Perth WA
[19:34:31]    [624] ✉ AH2 Legal — West Perth WA
[19:35:18]    [625] ✉ Rowe Bristol Lawyers — Perth WA
[19:36:01]    [626] · Acuity Law Partners — Perth WA
[19:36:53]    [627] 📋 Circle Green Community Legal — Perth WA
[19:37:57]    [628] · Sherwood Mediation —  WA
[19:38:43]    [629] ✉ HKA — Perth WA
[19:39:14]    [630] · Patrick Legal — Midland WA
[19:39:59]    [631] ✉ Mediatus Pty Ltd — West Perth WA
[19:40:51]    [632] 📋 Friedman Lurie Singh & D'Angelo | Family Lawyer Perth, Divorce Lawyer | Law Firm Perth — Perth WA
[19:41:36]    [633] ✉ WA Family Mediation Services — Midland WA
[19:42:22]    [634] · MDC Legal — West Perth WA
[19:42:35]    [635] ✉ Vogt Legal Perth — Northbridge WA
[19:43:19]    [636] 📋 Summers Legal — West Perth WA
[19:44:22]    [637] · Dimond Family Lawyers Perth — Mount Hawthorn WA
[19:45:24]    [638] · West Perth Legal — West Perth WA
[19:46:11]    [639] ✉ HHG Legal Group | Perth — Perth WA
[19:47:13]    [640] · DPSK Lawyers — West Perth WA
[19:47:19]    Done: 49 new businesses
[19:47:22] 
── Quantity Surveyors | Perth
[19:47:22]    Query: "Quantity Surveyors Perth WA Australia"
[19:48:14]    Found 58 place URLs
[19:48:53]    [641] ✉ Duo Tax Depreciation Quantity Surveyors - Perth — Perth WA
[19:49:37]    [642] ✉ MCG Quantity Surveyors — Perth WA
[19:50:24]    [643] ✉ Astute Quantity Surveyors Australia (AQSA) — Perth WA
[19:51:08]    [644] ✉ Washington Brown - Property Depreciation Experts — West Perth WA
[19:52:05]    [645] ✉ West Coast Estimating — Bayswater WA
[19:53:06]    [646] · NKA Quantity Surveyors — Willetton WA
[19:54:10]    [647] · Capital Claims Tax Depreciation — Perth WA
[19:55:00]    [648] ✉ MBM Quantity Surveyors Perth — Perth WA
[19:55:54]    [649] ✉ McGarry Associates — Perth WA
[19:56:44]    [650] ✉ On Point Estimating — Bayswater WA
[19:57:27]    [651] ✉ Rawlinsons — Rivervale WA
[19:58:06]    [652] · Perth Quantity Surveyors | Tax Depreciation Experts Perth — Perth WA
[19:58:44]    [653] · Sage Quantity Surveyors — Subiaco WA
[19:59:44]    [654] · Owen Consulting — West Perth WA
[20:00:23]    [655] · HW & Associates — West Perth WA
[20:01:10]    [656] ✉ DCWC — Perth WA
[20:01:55]    [657] ✉ Ralph Beattie Bosworth — Perth WA
[20:02:38]    [658] 📋 BMT Tax Depreciation — Perth WA
[20:03:27]    [659] ✉ Koste Tax Depreciation - Perth Office — Welshpool WA
[20:04:05]    [660] · Cost Logic Quantity Surveyors — Willetton WA
[20:04:51]    [661] ✉ Corpred Enterprises Pty Ltd — Osborne Park WA
[20:05:32]    [662] · Links Surveying Perth — Willetton WA
[20:06:16]    [663] ✉ Chrysalis — Victoria Park WA
[20:07:00]    [664] ✉ Pro West Surveying — Osborne Park WA
[20:07:45]    [665] ✉ Leary & Partners — Perth WA
[20:08:32]    [666] ✉ Canning & Associates Cost Consulting — Perth WA
[20:09:18]    [667] ✉ Australian Tax Depreciation Services — Perth WA
[20:10:09]    [668] ✉ Rider Levett Bucknall — Perth WA
[20:10:54]    [669] · Quantity Surveying — Welshpool WA
[20:11:42]    [670] ✉ My Contour Survey | Land Surveyor — Rivervale WA
[20:12:31]    [671] ✉ ORACLE SURVEYS Pty Ltd — Victoria Park WA
[20:13:18]    [672] ✉ Altus Group — Perth WA
[20:14:01]    [673] ✉ RM Surveys — Jandakot WA
[20:14:48]    [674] 📋 WT — Perth WA
[20:15:37]    [675] 📋 Land Surveyors Perth — Mount Lawley WA
[20:16:25]    [676] ✉ Urban Jungle Co. — Midland WA
[20:17:26]    [677] · WABCA Group — East Victoria Park WA
[20:18:12]    [678] ✉ Ashton Associates — Melville WA
[20:18:59]    [679] ✉ Building Estimator Perth — Perth WA
[20:19:43]    [680] ✉ Multich Surveys — East Perth WA
[20:20:32]    [681] ✉ McGregor Surveys Pty Ltd — West Perth WA
[20:35:46]   DB error: 
Invalid `prisma.directoryLead.upsert()` invocation in
/Users/siasepehrara/remed
[20:36:32]    [682] ✉ Jurovich Surveying — Como WA
[20:37:37]    [683] · Property Returns - Quantity Surveyors & Tax Depreciation Specialists — Subiaco WA
[20:38:30]    [684] ✉ MNG — Murdoch WA
[20:39:17]    [685] ✉ JBA Surveys — Belmont WA
[20:40:18]    [686] · Vision Surveys Consulting — Scarborough WA
[20:43:01]    [687] ✉ Driscolls Land Surveyors — Claremont WA
[20:49:02]    [688] · Building Surveying Solutions — Applecross WA
[20:49:12]   DB error: 
Invalid `prisma.directoryLead.upsert()` invocation in
/Users/siasepehrara/remed
[20:54:47]    [689] · L1 Consult — Nedlands WA
[21:11:04]    [690] ✉ Kim Owen - Intelligent Quantity Surveying + Consulting — East Victoria Park WA
[21:12:00]    [691] ✉ Cost Planners Pty Ltd — Perth WA
[21:12:04]    Done: 51 new businesses
[21:12:09] 
── Project Managers | Perth
[21:12:09]    Query: "Project Managers Perth WA Australia"
[21:12:59]    Found 55 place URLs
[21:13:43]    [692] ✉ Proven Project Management — Perth WA
[21:14:31]    [693] 📋 Civcon Civil & Project Management — West Perth WA
[21:15:33]    [694] · Total Project Management — Perth WA
[21:16:32]    [695] · Project Management People International — Perth WA
[21:17:20]    [696] ✉ Society Project Management — West Perth WA
[21:18:05]    [697] ✉ Insight Project Services — Perth WA
[21:18:44]    [698] · PPM Project Management Pty Ltd — Subiaco WA
[21:19:46]    [699] · Benchmark Projects Australasia — Perth WA
[21:20:39]    [700] ✉ 360 Project Services — Maylands WA
[21:21:26]    [701] 📋 Australian Project Management - Consulting Engineers — Attadale WA
[21:22:10]    [702] ✉ BE Projects (WA) Pty Ltd — South Perth WA
[21:22:54]    [703] ✉ PPM - Project Portfolio Management — East Perth WA
[21:23:45]    [704] ✉ NEUPLAN — Perth WA
[21:24:48]    [705] · Momentum Engineering — Perth WA
[21:25:33]    [706] ✉ Paramount Projects — Perth WA
[21:26:20]    [707] ✉ Elevator Project Management - WA — Perth WA
[21:27:10]    [708] 📋 Project Specific — Perth WA
[21:28:13]    [709] · Access Projects & Construction — Balcatta WA
[21:29:16]    [710] · Giorgi — Perth WA
[21:30:02]    [711] 📋 APD Global — Perth WA
[21:31:01]    [712] · Microsoft Project Training — Perth WA
[21:31:48]    [713] ✉ Ecorp Project Management — Mount Hawthorn WA
[21:32:33]    [714] ✉ Oldfield Project Management — Burswood WA
[21:33:15]    [715] ✉ Setu Projects/ Setu Infratech Pty Ltd — Perth WA
[21:34:06]    [716] 📋 DBM Vircon — Perth WA
[21:34:53]    [717] ✉ Dawn Projects — East Perth WA
[21:35:54]    [718] · Project Consultants — Willetton WA
[21:36:56]    [719] · Inertia Projects Pty Ltd — Perth WA
[21:37:46]    [720] ✉ Hatch — Perth WA
[21:38:36]    [721] 📋 SHAPE Australia WA — Perth WA
[21:39:14]    [722] · Perdaman — Perth WA
[21:40:16]    [723] · G2N — Osborne Park WA
[21:41:12]    [724] ✉ Aurora Project Group Pty Ltd — East Perth WA
[21:42:05]    [725] ✉ Intrinsic Project — Perth WA
[21:43:03]    [726] ✉ Peritas — Perth WA
[21:43:41]    [727] · x — Perth WA
[21:44:27]    [728] ✉ Bridge42 — Perth WA
[21:46:01]    [729] · Nihar — Perth WA
[21:46:30]   DB error: 
Invalid `prisma.directoryLead.upsert()` invocation in
/Users/siasepehrara/remed
[21:49:35]    [730] · Opra Projects — Perth WA
[21:51:03]    [731] · Project Imperium — East Perth WA
[21:51:13]   DB error: 
Invalid `prisma.directoryLead.upsert()` invocation in
/Users/siasepehrara/remed
[21:55:42]    [732] · Google Maps can't reach the internet —  WA
[21:55:42]   DB error: 
Invalid `prisma.directoryLead.upsert()` invocation in
/Users/siasepehrara/remed
[21:57:20]    [733] · Google Maps can't reach the internet —  WA
[21:57:20]   DB error: 
Invalid `prisma.directoryLead.upsert()` invocation in
/Users/siasepehrara/remed
[22:01:20]    [734] · Google Maps can't reach the internet —  WA
[22:01:21]   DB error: 
Invalid `prisma.directoryLead.upsert()` invocation in
/Users/siasepehrara/remed
[22:01:22]    Done: 43 new businesses
[22:01:25] 
── Construction Managers | Perth
[22:01:25]    Query: "Construction Managers Perth WA Australia"
[22:06:00]    Found 0 place URLs
[22:06:01] 
── Development Managers | Perth
[22:06:01]    Query: "Development Managers Perth WA Australia"
[22:10:09]    Found 0 place URLs
[22:10:09] 
── Development Consultants | Perth
[22:10:09]    Query: "Development Consultants Perth WA Australia"
[22:10:09]    Resetting Maps browser context...
[22:10:31]    Found 0 place URLs
[22:10:31] 
── Structural Engineers | Perth
[22:10:31]    Query: "Structural Engineers Perth WA Australia"
[22:10:31]    Found 0 place URLs
[22:10:31] 
── Civil Engineers | Perth
[22:10:31]    Query: "Civil Engineers Perth WA Australia"
[22:10:31]    Found 0 place URLs
[22:10:31]    5 consecutive empty searches — pausing 30s...
[22:20:45] 
── Facade Engineers | Perth
[22:20:45]    Query: "Facade Engineers Perth WA Australia"
[22:21:00]    Found 0 place URLs
[22:21:00] 
── Geotechnical Engineers | Perth
[22:21:00]    Query: "Geotechnical Engineers Perth WA Australia"
[22:21:00]    Found 0 place URLs
[22:21:00] 
── Environmental Engineers | Perth
[22:21:00]    Query: "Environmental Engineers Perth WA Australia"
[22:21:00]    Found 0 place URLs
[22:21:00] 
── Hydraulic Engineers | Perth
[22:21:00]    Query: "Hydraulic Engineers Perth WA Australia"
[22:21:00]    Found 0 place URLs
[22:21:00] 
── Mechanical Engineers | Perth
[22:21:00]    Query: "Mechanical Engineers Perth WA Australia"
[22:21:00]    Found 0 place URLs
[22:21:00]    5 consecutive empty searches — pausing 30s...
[22:24:02] 
── Electrical Engineers | Perth
[22:24:02]    Query: "Electrical Engineers Perth WA Australia"
[22:25:37]    Found 0 place URLs
[22:25:37] 
── Fire Engineers | Perth
[22:25:37]    Query: "Fire Engineers Perth WA Australia"
[22:25:45]    Found 0 place URLs
[22:25:45] 
── Acoustic Engineers | Perth
[22:25:45]    Query: "Acoustic Engineers Perth WA Australia"
[22:26:16]    Found 0 place URLs
[22:26:17] 
── Wind Engineers | Perth
[22:26:17]    Query: "Wind Engineers Perth WA Australia"
[22:26:17]    Found 0 place URLs
[22:26:17] 
── Traffic Engineers | Perth
[22:26:17]    Query: "Traffic Engineers Perth WA Australia"
[22:26:17]    Found 0 place URLs
[22:26:17]    5 consecutive empty searches — pausing 30s...
[22:27:38] 
── Corrosion Engineers | Perth
[22:27:38]    Query: "Corrosion Engineers Perth WA Australia"
[22:28:15]    Found 14 place URLs
[22:28:53]    [735] · Corrosion Control Australia — Osborne Park WA
[22:29:38]    [736] ✉ Corrosion Control Engineering WA Pty Ltd - Cathodic Protection Services — Malaga WA
[22:30:31]    [737] ✉ AntiCorrosion Technology Perth — Perth WA
[22:31:14]    [738] ✉ Extrin - Consultants in Corrosion Management — Willetton WA
[22:31:59]    [739] 📋 Innovative Corrosion Management — Jandakot WA
[22:32:41]    [740] · Corrocoat Engineering (Australia) Pty LTD — Canning Vale WA
[22:33:31]    [741] ✉ Curtin Corrosion Centre — Bentley WA
[22:34:13]    [742] ✉ Deepwater Corrosion (Australasia) — Perth WA
[22:35:06]    [743] 📋 International Corrosion Services — Forrestdale WA
[22:36:05]    [744] · Complete Corrosion Control — Cockburn Central WA
[22:36:47]    [745] ✉ Cortec Global Services Australia — Jandakot WA
[22:37:29]    [746] ✉ Arc Spray Engineering — Forrestdale WA
[22:38:15]    [747] ✉ A60N — Perth WA
[22:38:18]    Done: 13 new businesses
[22:38:21] 
── Materials Engineers | Perth
[22:38:21]    Query: "Materials Engineers Perth WA Australia"
[22:38:56]    Found 3 place URLs
[22:39:41]    [748] 📋 Main Roads Western Australia Materials Engineering — Welshpool WA
[22:40:25]    [749] ✉ ESS Engineering Services & Supplies Pty Ltd — Malaga WA
[22:41:07]    [750] · Materials Management Group — Canning Vale WA
[22:41:10]    Done: 3 new businesses
[22:41:15] 
── Forensic Engineers | Perth
[22:41:15]    Query: "Forensic Engineers Perth WA Australia"
[22:42:01]    Found 0 place URLs
[22:42:02] 
── Sustainability Engineers | Perth
[22:42:02]    Query: "Sustainability Engineers Perth WA Australia"
[22:42:51]    Found 46 place URLs
[22:43:29]    [751] · Red Earth Engineering — Perth WA
[22:44:30]    [752] · Full Circle Design Services — South Perth WA
[22:45:15]    [753] · Astron Environmental Services — East Perth WA
[22:45:59]    [754] ✉ CDM Smith Australia (WA) — West Perth WA
[22:46:42]    [755] ✉ ECO Environmental — Burswood WA
[22:47:27]    [756] ✉ Biologic Group [Biologic Environmental | Biologic Seed | Biologic Nature and Community] — Osborne Park WA
[22:48:12]    [757] 📋 GHD — Perth WA
[22:49:00]    [758] ✉ Aurecon — Perth WA
[22:50:03]    [759] · Construction Sciences Perth — Belmont WA
[22:50:45]    [760] · INTERA Geosciences — Perth WA
[22:51:28]    [761] · Golder / WSP (Laboratory) — Osborne Park WA
[22:52:12]    [762] ✉ Knight Piésold | Perth | Engineering and Environmental Consultants — East Perth WA
[22:52:53]    [763] · Golder — Northbridge WA
[22:53:33]    [764] · ENC Group — West Perth WA
[22:54:16]    [765] ✉ EnergyTron — Perth WA
[22:55:01]    [766] 📋 Engineering Institute of Technology — West Perth WA
[22:55:49]    [767] ✉ SMEC Australia — Perth WA
[22:55:54]    Done: 17 new businesses
[22:56:00] 
── Building Services Engineers | Perth
[22:56:00]    Query: "Building Services Engineers Perth WA Australia"
[22:56:50]    Found 46 place URLs
[22:57:32]    [768] ✉ Engineer Perth — Victoria Park WA
[22:58:13]    [769] · Design Engineering — West Perth WA
[22:58:54]    [770] · Strength Engineering - Structural and Civil Engineering Consultancy Perth — Osborne Park WA
[22:59:38]    [771] ✉ BPA Engineering — Subiaco WA
[23:00:23]    [772] ✉ ICON Engineering — Perth WA
[23:01:15]    [773] ✉ JSB Consulting Engineers — Perth WA
[23:02:00]    [774] ✉ SPP Group - Perth — Perth WA
[23:02:42]    [775] · ABA Structures - Structural Engineering & Building Design — Melville WA
[23:03:26]    [776] ✉ GR Engineering Services - Head Office — Ascot WA
[23:04:08]    [777] · Australian Control Engineering (ACE) — East Perth WA
[23:04:48]    [778] · Imperium Engineering — Perth WA
[23:05:46]    [779] · Engenuity Engineering — Kewdale WA
[23:06:29]    [780] ✉ Aussie Building Specialists and Geotech — South Perth WA
[23:07:12]    [781] · CMS Engineering — Perth WA
[23:07:54]    [782] ✉ Key Engineering Solutions — Perth WA
[23:08:40]    [783] ✉ BG Structural Engineers — Mount Pleasant WA
[23:09:30]    [784] ✉ Power Engineering Services — Kewdale WA
[23:10:32]    [785] · G&S Engineering Services — Perth WA
[23:11:13]    [786] · CDMS Engineering — West Perth WA
[23:11:57]    [787] ✉ Grounded — West Perth WA
[23:12:59]    [788] · AAS Engineering PTY LTD — Harrisdale WA
[23:13:39]    [789] · GPA Engineering — Perth WA
[23:14:21]    [790] 📋 Fluor Australia Pty Ltd. — Perth WA
[23:15:11]    [791] ✉ Engineering Trades Australia — Perth WA
[23:15:14]    Done: 24 new businesses
[23:15:18] 
── Vertical Transport Engineers | Perth
[23:15:18]    Query: "Vertical Transport Engineers Perth WA Australia"
[23:15:55]    Found 17 place URLs
[23:16:37]    [792] ✉ Transcore Pty Ltd — Subiaco WA
[23:24:01]    [793] ✉ TL Engineering — Hazelmere WA
[23:25:05]    [794] · Uloth & Associates — Perth WA
[23:25:50]    [795] ✉ Flyt Transport Consultancy — Leederville WA
[23:26:01]    [796] ✉ Vertical Services — Welshpool WA
[23:26:18]    [797] 📋 Grant Elevators — Bayswater WA
[23:26:27]    [798] · Floth Pty Limited — Perth WA
[23:27:08]    [799] · Elevator Direction Lift Consultant — Perth WA
[23:27:40]    [800] · Accessible Transit Specialists Perth — Canning Vale WA
[23:27:50]    [801] · LCI Consultants — Perth WA
[23:28:01]    [802] · City Lift Services — Success WA
[23:28:17]    [803] ✉ ETC Solutions — Daglish WA
[23:28:59]    [804] ✉ Whitfield Rose Elevator Consultants Perth — West Perth WA
[23:29:18]    [805] 📋 TK Elevator - Perth — Perth WA
[23:29:37]    [806] ✉ NDY — Perth WA
[23:29:51]    [807] ✉ First Class Lifts - Residential Lifts Perth —  WA
[23:29:55]    Done: 16 new businesses
[23:30:00] 
── Telecommunications Engineers | Perth
[23:30:00]    Query: "Telecommunications Engineers Perth WA Australia"
[23:30:50]    Found 58 place URLs
[23:31:18]    [808] · Future Engineering — Cockburn Central WA
[23:31:50]    [809] · Evolution Technologies — Perth WA
[23:32:00]    [810] · Syndicate Communications Pty Ltd — Canning Vale WA
[23:32:29]    [811] · Radio Communications Technology — Canning Vale WA
[23:32:44]    [812] ✉ Datatel Electrical & Communications — Perth WA
[23:32:56]    [813] · WALKER, NEWMAN & ASSOCIATES PTY LTD — Burswood WA
[23:33:27]    [814] · TechTV Cabling — Perth WA
[23:33:37]    [815] ✉ Roam Engineering — Malaga WA
[23:34:19]    [816] ✉ STI Engineering — Malaga WA
[23:34:52]    [817] ✉ Essential Service Solutions — Canning Vale WA
[23:35:06]    [818] ✉ BAI Communications (formerly Titan ICT) — Perth WA
[23:35:17]    [819] ✉ R-Group International — Bentley WA
[23:35:37]    [820] ✉ CJDJ Communications — Perth WA
[23:35:44]    [821] · Procomm Communications —  WA
[23:35:58]    [822] ✉ West Coast Telco Group — Martin WA
[23:36:07]    [823] · Telco Choice Pty Ltd —  WA
[23:36:38]    [824] · ADCO — Kenwick WA
[23:37:21]    [825] · 100 Solutions — Perth WA
[23:37:34]    [826] ✉ Intellect Systems — Perth WA
[23:37:48]    [827] ✉ Professional Cabling Services — Belmont WA
[23:37:59]    [828] ✉ CSE — West Perth WA
[23:38:28]    [829] · Verum Projects and Engineering Pty Ltd — Perth WA
[23:38:42]    [830] ✉ E - Consulting Engineers — Perth WA
[23:38:55]    [831] ✉ Cable8 Electrical Communications — Perth WA
[23:39:14]    [832] 📋 National Institute of Technology (NIT) - Perth — Perth WA
[23:39:29]    [833] ✉ Leighton Contractors — Perth WA
[23:39:40]    [834] · Connect Communications Pty Ltd — Perth WA
[23:39:51]    [835] · Megalite Electrical & Communications — South Perth WA
[23:40:00]    [836] · Future Engineering — Welshpool WA
[23:40:44]    [837] · Ashdene ICT — Perth WA
[23:40:52]    [838] · Beldon Satellite & Cable — Wangara WA
[23:41:06]    [839] ✉ CorpCloud Pty Ltd — West Perth WA
[23:41:16]    [840] · Smartwire WA —  WA
[23:41:29]    [841] ✉ UNIPLEX PTY LTD — Perth WA
[23:42:01]    [842] · Alphazeta Group — Perth WA
[23:42:38]    [843] · Department of Telecommunications — Middle Swan WA
[23:43:07]    [844] · ADENCO — Wangara WA
[23:43:22]    [845] ✉ Kent PLC — Perth WA
[23:43:40]    [846] ✉ TechBrain - Managed IT Services Perth — Subiaco WA
[23:43:57]    [847] ✉ Perth Structural Engineers — Perth WA
[23:44:09]    [848] ✉ Linkforce — Perth WA
[23:44:19]    [849] · Australian Technical College Western Australia — Perth WA
[23:44:31]    [850] ✉ NTEK COMMS —  WA
[23:44:48]    [851] ✉ SCEE Electrical — Perth WA
[23:45:16]    [852] · Global Cabling — Osborne Park WA
[23:45:29]    [853] · Metroelectric - Electricians & Engineers — Perth WA
[23:45:40]    [854] · Enable IT Services — Perth WA
[23:46:24]    [855] ✉ Fusion Networks Australia — Perth WA
[23:46:42]    [856] 📋 Akkodis - Perth — Perth WA
[23:46:45]    Done: 49 new businesses
[23:46:49] 
── DBP Design Practitioner - Class 1 | Perth
[23:46:49]    Query: "DBP Design Practitioner - Class 1 Perth WA Australia"
[23:47:25]    Found 1 place URLs
[23:47:36]    [857] ✉ Class 1 Orthodontics — Baldivis WA
[23:47:40]    Done: 1 new businesses
[23:47:43] 
── DBP Design Practitioner - Class 2 | Perth
[23:47:43]    Query: "DBP Design Practitioner - Class 2 Perth WA Australia"
[23:48:19]    Found 2 place URLs
[23:48:53]    [858] · 2 —  WA
[23:49:30]    [859] · 2 —  WA
[23:49:32]    Done: 2 new businesses
[23:49:38] 
── DBP Design Practitioner - Facade | Perth
[23:49:38]    Query: "DBP Design Practitioner - Facade Perth WA Australia"
[23:50:14]    Found 1 place URLs
[23:50:14]    Done: 0 new businesses
[23:50:17] 
── DBP Design Practitioner - Structural | Perth
[23:50:17]    Query: "DBP Design Practitioner - Structural Perth WA Australia"
[23:51:07]    Found 47 place URLs
[23:51:44]    [860] ✉ Nous Structural Engineering (Formally DCB) — West Perth WA
[23:52:28]    [861] ✉ Design & Analysis — Perth WA
[23:52:44]    [862] ✉ DR Consulting Engineers — Parkwood WA
[23:52:58]    [863] ✉ DCA Consulting Engineers — Bayswater WA
[23:53:09]    [864] · DBD | Design Build Develop — East Victoria Park WA
[23:53:42]    [865] · Perth Design & Construct Pty Ltd — Osborne Park WA
[23:53:52]    [866] · Patrick de Rossi Design & Drafting — South Perth WA
[23:54:07]    [867] ✉ Design & Build — Perth WA
[23:54:44]    [868] · RDPCADD Design and Drafting — Bennett Springs WA
[23:54:54]    [869] · Approvals by Design — East Victoria Park WA
[23:55:34]    [870] · Perth Design Group — North Perth WA
[23:55:45]    [871] · DESIGN 3 — Northbridge WA
[23:55:57]    [872] ✉ Burgess Design Group — East Perth WA
[23:56:28]    [873] · CADstruction Drafting Service — East Victoria Park WA
[23:56:39]    [874] · Design Better Buildings — Osborne Park WA
[23:56:50]    [875] · DCD architecture — Thornlie WA
[23:57:23]    [876] · Perth Drafting Service — Perth WA
[23:58:07]    [877] ✉ SPP Group WA Pty Ltd — Perth WA
[23:58:25]    [878] ✉ The Building Development Group — Ardross WA
[23:59:23]    [879] · Dixon Design & Development PTY LTD — East Perth WA
[23:59:35]    [880] · Design & Construct Residential —  WA
[23:59:45]    [881] · The Drafter — Inglewood WA
[23:59:57]    [882] · DQ Designs — Cannington WA
[00:00:10]    [883] ✉ &Dalecki — Perth WA
[00:00:17]    [884] · Commercial Building Design WA —  WA
[00:00:45]    [885] · DBM Custom Homes — Beeliar WA
[00:01:00]    [886] 📋 SPD DRAFTING SERVICES —  WA
[00:01:18]    [887] ✉ DN Studio — Bibra Lake WA
[00:02:03]    [888] ✉ Building Designers Association of WA Inc. — Rivervale WA
[00:02:43]    [889] · DB Engineers — Eden Hill WA
[00:02:46]    Done: 30 new businesses
[00:02:49] 
── DBP Design Practitioner - Mechanical | Perth
[00:02:49]    Query: "DBP Design Practitioner - Mechanical Perth WA Australia"
[00:03:32]    Found 46 place URLs
[00:03:53]    [890] ✉ Decobu — Perth WA
[00:04:33]    [891] · DC Engineering — Perth WA
[00:04:46]    [892] ✉ DSGN Studio — Perth WA
[00:05:00]    [893] ✉ DSM Consulting Engineers — Willetton WA
[00:05:13]    [894] ✉ Domestic Drafting Service — Canning Vale WA
[00:05:28]    [895] ✉ BIM Drafting Services — Subiaco WA
[00:06:29]    [896] · CADDS Group Product Design — Bibra Lake WA
[00:06:43]    [897] 📋 D.B. Complete Building Services —  WA
[00:06:58]    [898] 📋 Adudu Design PtY Ltd — Bassendean WA
[00:07:06]    [899] · DSA Pty Ltd — Subiaco WA
[00:07:21]    [900] ✉ 3D Drafting — West Perth WA
[00:07:37]    [901] ✉ DMG Architecture — Perth WA
[00:07:46]    [902] · DMB DRAFTING — Yanchep WA
[00:07:57]    [903] ✉ Hunter Mechanical Perth — Kenwick WA
[00:08:11]    [904] ✉ B&P Carpentry — Cockburn Central WA
[00:08:24]    [905] ✉ Drafts By D —  WA
[00:08:27]    Done: 16 new businesses
[00:08:32] 
── DBP Design Practitioner - Electrical | Perth
[00:08:32]    Query: "DBP Design Practitioner - Electrical Perth WA Australia"
[00:09:20]    Found 49 place URLs
[00:10:09]    [906] ✉ IPS Design — Perth WA
[00:10:24]    [907] ✉ DRB Electrics — Hilton WA
[00:10:38]    [908] ✉ MKA Electrical Design Consultants Pty Ltd — Osborne Park WA
[00:10:53]    [909] ✉ DCE Electrical — Belmont WA
[00:11:04]    [910] · BDN Electrical Pty Ltd — Craigie WA
[00:11:16]    [911] · PCB Contractors — Mount Pleasant WA
[00:11:26]    [912] · Brear & Doonan Electrical Contractors — Osborne Park WA
[00:11:34]    [913] · TCD Electrical — Bedford WA
[00:11:45]    [914] · BCL Electrical Contracting — Gooseberry Hill WA
[00:11:59]    [915] ✉ NRP Electrical Services — Osborne Park WA
[00:12:13]    [916] ✉ DCS WA Pty Ltd — Belmont WA
[00:12:33]    [917] ✉ Danber Lighting and Construction — Kinross WA
[00:12:41]    [918] · David R Electrical —  WA
[00:12:54]    [919] · GBD Electrical & Data Services — Currambine WA
[00:13:00]    [920] · B.Co Electrical — Osborne Park WA
[00:13:11]    [921] · DCI Group — Wangara WA
[00:13:23]    [922] · STB Electrical —  WA
[00:13:30]    [923] · Electrical Design Consultants WA —  WA
[00:13:40]    [924] ✉ DSB Electrical —  WA
[00:13:52]    [925] · Delta Electrical WA —  WA
[00:14:07]    [926] 📋 PBM Power WA —  WA
[00:14:51]    [927] ✉ DCE Electrical — Bayswater WA
[00:15:30]    [928] · EPC Projects — Perth WA
[00:15:47]    [929] ✉ Richtek Plumbing & Electrical — Malaga WA
[00:16:25]    [930] · Alectrician Services Electrical Contracting — Dianella WA
[00:16:45]    [931] 📋 Dampier Bunbury Pipeline — Perth WA
[00:17:30]    [932] ✉ DNC Projects Pty Ltd — Wangara WA
[00:17:42]    [933] · JDB Master Electrical —  WA
[00:18:31]    [934] ✉ WA Professional Electrical — Greenwood WA
[00:18:35]    Done: 29 new businesses
[00:18:41] 
── DBP Design Practitioner - Fire Safety | Perth
[00:18:41]    Query: "DBP Design Practitioner - Fire Safety Perth WA Australia"
[00:19:30]    Found 57 place URLs
[00:19:43]    [935] ✉ Protection Engineering Pty Ltd — Bayswater WA
[00:20:16]    [936] · WA Fire & Safety — Maida Vale WA
[00:21:00]    [937] ✉ DKnapp Fire Design — Thornlie WA
[00:21:13]    [938] ✉ Perth Fire Protection — Wangara WA
[00:21:42]    [939] · B & E — Osborne Park WA
[00:22:26]    [940] 📋 Complete Fire Design — Mount Lawley WA
[00:22:57]    [941] · Fire Design Solutions — Subiaco WA
[00:23:38]    [942] · Fire & Safety Systems — West Perth WA
[00:23:55]    [943] ✉ WA Fire Protection — Osborne Park WA
[00:24:24]    [944] · Safetytech Fire Services — Perth WA
[00:24:32]    [945] · Fire Suppression Services Pty Ltd — Belmont WA
[00:24:52]    [946] ✉ Integral Fire Protection — Malaga WA
[00:25:24]    [947] · Fire & Safety WA — Landsdale WA
[00:25:40]    [948] ✉ Fire Protection Services Western Australia — Wangara WA
[00:26:17]    [949] · DMB Fire Tech — Bassendean WA
[00:26:32]    [950] ✉ e Fire & Safety — Bayswater WA
[00:26:45]    [951] ✉ Phoenix Fire Protection | Fire Protection Services Perth — Osborne Park WA
[00:27:00]    [952] ✉ Protector Fire Services — Malaga WA
[00:27:44]    [953] ✉ DIS Fire — Malaga WA
[00:27:52]    [954] · AAA Fire Safety — Heathridge WA
[00:28:24]    [955] · Fullworks Fire Safety — Wangara WA
[00:28:54]    [956] · Firesafe Group — Bibra Lake WA
[00:29:07]    [957] ✉ Reliable Fire Services Pty Ltd — Balcatta WA
[00:29:24]    [958] 📋 FireShield Services — Joondalup WA
[00:29:34]    [959] · Perth Fire —  WA
[00:29:49]    [960] ✉ Department of Fire and Emergency Services — Cockburn Central WA
[00:30:36]    [961] 📋 Fire Protection Technologies — Kewdale WA
[00:30:51]    [962] ✉ Critical Fire Protection & Training — Neerabup WA
[00:31:23]    [963] · Westside Fire Services — Malaga WA
[00:31:38]    [964] · A1 Fire Risk Services — Neerabup WA
[00:32:41]    [965] · Fire Rated Systems — Perth WA
[00:33:18]    [966] · Bushfire Ready Assessment and Planning — East Perth WA
[00:33:47]    [967] · BAL Rating — Osborne Park WA
[00:34:25]    [968] · WA Fire Protection Solutions — Wangara WA
[00:35:11]    [969] ✉ Barrier Passive Fire Protection — Malaga WA
[00:35:43]    [970] · Centurion Fire Safety Services Perth —  WA
[00:36:30]    [971] ✉ Diversified Fire Services WA —  WA
[00:37:15]    [972] ✉ Mechanical Fire Solutions — Balcatta WA
[00:37:37]    [973] ✉ WA Fire Training, Services & Equipment —  WA
[00:38:21]    [974] ✉ BFS Fire Solutions Perth —  WA
[00:38:36]    [975] ✉ BushFire Works — Yangebup WA
[00:38:49]    [976] ✉ Perth Fire Compliance — Rockingham WA
[00:39:25]    [977] · WA BAL Bushfire Assessment Logic — East Victoria Park WA
[00:39:39]    [978] ✉ WA Bal Report — Victoria Park WA
[00:39:52]    [979] ✉ Bushfire Logic —  WA
[00:40:11]    [980] 📋 Dampier Bunbury Pipeline — Jandakot WA
[00:41:14]    [981] · DesignFire —  WA
[00:42:16]    [982] · Bushfire Management Plan — Victoria Park WA
[00:42:27]    [983] · Bushfire Risk Solutions Pty Ltd — Bindoon WA
[00:43:12]    [984] ✉ Sprayforce Firestop WA —  WA
[00:43:48]    [985] · Fire Safety Consultants —  WA
[00:44:21]    [986] · Bushfire Protection and Planning — Mandurah WA
[00:44:59]    [987] · Bushfire Design Solutions —  WA
[00:45:04]    Done: 53 new businesses
[00:45:09] 
── DBP Design Practitioner - Waterproofing | Perth
[00:45:09]    Query: "DBP Design Practitioner - Waterproofing Perth WA Australia"
[00:45:59]    Found 57 place URLs
[00:46:43]    [988] ✉ WA Project Waterproofing — Greenmount WA
[00:47:25]    [989] · Perth Waterproofing & Silicone Solutions — Kardinya WA
[00:48:07]    [990] ✉ Waterproofing Perth — Perth WA
[00:48:51]    [991] ✉ BD Living Pty Ltd — Maddington WA
[00:49:34]    [992] · CDP — Perth WA
[00:50:11]    [993] · DBI Brickwork — Lathlain WA
[00:50:54]    [994] · Prodesign & Construct —  WA
[00:51:38]    [995] · Design & Construct Residential — Nedlands WA
[00:52:15]    [996] · B.A.D Contracting — Welshpool WA
[00:53:00]    [997] · DBI Brickwork —  WA
[00:53:44]    [998] ✉ DJP Developments — Bibra Lake WA
[00:54:24]    [999] · Future Design Builders —  WA
[00:55:10]    [1000] ✉ D.B Concrete —  WA
[00:55:55]    [1001] ✉ Watershed Building Company — Malaga WA
[00:56:46]    [1002] ✉ CaddWest Bureau — East Victoria Park WA
[00:57:34]    [1003] ✉ ABC Tiling and Stone — Perth WA
[00:58:19]    [1004] · Design And Construct Projects — Gnangara WA
[00:58:58]    [1005] · CDC Building Group —  WA
[00:59:48]    [1006] ✉ Peak Residential Drafting —  WA
[01:00:42]    [1007] ✉ WA Building Inspections Perth —  WA
[01:01:29]    [1008] · Westplan Drafting — Rockingham WA
[01:02:19]    [1009] ✉ MJ Drafting & Designs —  WA
[01:02:24]   DB error: 
Invalid `prisma.directoryLead.upsert()` invocation in
/Users/siasepehrara/remed
[01:03:03]    [1010] · iDesign Studio Perth —  WA
